<?xml version="1.0" encoding="utf-8"?><testsuites><testsuite name="pytest" errors="0" failures="0" skipped="0" tests="4" time="38.768" timestamp="2023-11-05T04:24:44.116481" hostname="DESKTOP-FCB6K2B"><testcase classname="tests.test_check_and_validation" name="test_validation[15-Valid]" time="7.626" /><testcase classname="tests.test_check_and_validation" name="test_validation[1-Not in range]" time="4.934" /><testcase classname="tests.test_check_and_validation" name="test_validation[h-Not a number]" time="4.955" /><testcase classname="tests.test_check_and_validation" name="test_validation[-1-Negative integer]" time="4.885" /></testsuite></testsuites>