{"num_tests": 1, "num_failures": 1, "num_skipped": 0, "test_cases": [{"name": "test_back_btn", "result": "fail", "details": "input_and_click_instance = <pages.input_and_click_page.InputAndClickPage object at 0x0000014E08879BD0>\nhover_and_select_instance = <pages.hover_and_select_page.HoverAndSelectPage object at 0x0000014E08879910>\n\n    @mark.test_one\n    def test_back_btn(input_and_click_instance, hover_and_select_instance):\n        input_and_click_instance.click_back()\n>       assert hover_and_select_instance.check_marker == 'HOVER AND SELECT'\nE       AssertionError: assert <bound method HoverAndSelectPage.check_marker of <pages.hover_and_select_page.HoverAndSelectPage object at 0x0000014E08879910>> == 'HOVER AND SELECT'\nE        +  where <bound method HoverAndSelectPage.check_marker of <pages.hover_and_select_page.HoverAndSelectPage object at 0x0000014E08879910>> = <pages.hover_and_select_page.HoverAndSelectPage object at 0x0000014E08879910>.check_marker\n\ntest_input_and_click.py:26: AssertionError", "time": 153.726}], "total_time": 154.237}